f:\userdata\documents\githubrepo\project_4_qttest\_project\qtqq\x64\debug\msgwebview.obj
f:\userdata\documents\githubrepo\project_4_qttest\_project\qtqq\x64\debug\moc_ccmainwindow.obj
f:\userdata\documents\githubrepo\project_4_qttest\_project\qtqq\x64\debug\moc_rootconcatitem.obj
f:\userdata\documents\githubrepo\project_4_qttest\_project\qtqq\x64\debug\notifymanager.obj
f:\userdata\documents\githubrepo\project_4_qttest\_project\qtqq\x64\debug\skinwindow.obj
f:\userdata\documents\githubrepo\project_4_qttest\_project\qtqq\x64\debug\moc_talkwindowitem.obj
f:\userdata\documents\githubrepo\project_4_qttest\_project\qtqq\x64\debug\moc_contactitem.obj
f:\userdata\documents\githubrepo\project_4_qttest\_project\qtqq\x64\debug\commonutils.obj
f:\userdata\documents\githubrepo\project_4_qttest\_project\qtqq\x64\debug\systray.obj
f:\userdata\documents\githubrepo\project_4_qttest\_project\qtqq\x64\debug\moc_titlebar.obj
f:\userdata\documents\githubrepo\project_4_qttest\_project\qtqq\x64\debug\moc_emotionlabelitem.obj
f:\userdata\documents\githubrepo\project_4_qttest\_project\qtqq\x64\debug\basicwindow.obj
f:\userdata\documents\githubrepo\project_4_qttest\_project\qtqq\x64\debug\qrc_ccmainwindow.obj
f:\userdata\documents\githubrepo\project_4_qttest\_project\qtqq\x64\debug\moc_userlogin.obj
f:\userdata\documents\githubrepo\project_4_qttest\_project\qtqq\x64\debug\moc_emotionwindow.obj
f:\userdata\documents\githubrepo\project_4_qttest\_project\qtqq\x64\debug\emotionlabelitem.obj
f:\userdata\documents\githubrepo\project_4_qttest\_project\qtqq\x64\debug\rootconcatitem.obj
f:\userdata\documents\githubrepo\project_4_qttest\_project\qtqq\x64\debug\moc_talkwindowshell.obj
f:\userdata\documents\githubrepo\project_4_qttest\_project\qtqq\x64\debug\custommenu.obj
f:\userdata\documents\githubrepo\project_4_qttest\_project\qtqq\x64\debug\talkwindowshell.obj
f:\userdata\documents\githubrepo\project_4_qttest\_project\qtqq\x64\debug\moc_qclicklabel.obj
f:\userdata\documents\githubrepo\project_4_qttest\_project\qtqq\x64\debug\emotionwindow.obj
f:\userdata\documents\githubrepo\project_4_qttest\_project\qtqq\x64\debug\windowmanager.obj
f:\userdata\documents\githubrepo\project_4_qttest\_project\qtqq\x64\debug\moc_notifymanager.obj
f:\userdata\documents\githubrepo\project_4_qttest\_project\qtqq\x64\debug\contactitem.obj
f:\userdata\documents\githubrepo\project_4_qttest\_project\qtqq\x64\debug\userlogin.obj
f:\userdata\documents\githubrepo\project_4_qttest\_project\qtqq\x64\debug\moc_skinwindow.obj
f:\userdata\documents\githubrepo\project_4_qttest\_project\qtqq\x64\debug\ccmainwindow.obj
f:\userdata\documents\githubrepo\project_4_qttest\_project\qtqq\x64\debug\moc_windowmanager.obj
f:\userdata\documents\githubrepo\project_4_qttest\_project\qtqq\x64\debug\moc_msgwebview.obj
f:\userdata\documents\githubrepo\project_4_qttest\_project\qtqq\x64\debug\qclicklabel.obj
f:\userdata\documents\githubrepo\project_4_qttest\_project\qtqq\x64\debug\talkwindowitem.obj
f:\userdata\documents\githubrepo\project_4_qttest\_project\qtqq\x64\debug\moc_talkwindow.obj
f:\userdata\documents\githubrepo\project_4_qttest\_project\qtqq\x64\debug\main.obj
f:\userdata\documents\githubrepo\project_4_qttest\_project\qtqq\x64\debug\moc_basicwindow.obj
f:\userdata\documents\githubrepo\project_4_qttest\_project\qtqq\x64\debug\moc_systray.obj
f:\userdata\documents\githubrepo\project_4_qttest\_project\qtqq\x64\debug\moc_custommenu.obj
f:\userdata\documents\githubrepo\project_4_qttest\_project\qtqq\x64\debug\qmsgtextedit.obj
f:\userdata\documents\githubrepo\project_4_qttest\_project\qtqq\x64\debug\talkwindow.obj
f:\userdata\documents\githubrepo\project_4_qttest\_project\qtqq\x64\debug\moc_qmsgtextedit.obj
f:\userdata\documents\githubrepo\project_4_qttest\_project\qtqq\x64\debug\vc141.pdb
f:\userdata\documents\githubrepo\project_4_qttest\_project\qtqq\.\generatedfiles\debug\moc_ccmainwindow.cpp
f:\userdata\documents\githubrepo\project_4_qttest\_project\qtqq\.\generatedfiles\debug\moc_basicwindow.cpp
f:\userdata\documents\githubrepo\project_4_qttest\_project\qtqq\.\generatedfiles\debug\moc_windowmanager.cpp
f:\userdata\documents\githubrepo\project_4_qttest\_project\qtqq\.\generatedfiles\debug\moc_userlogin.cpp
f:\userdata\documents\githubrepo\project_4_qttest\_project\qtqq\.\generatedfiles\debug\moc_titlebar.cpp
f:\userdata\documents\githubrepo\project_4_qttest\_project\qtqq\.\generatedfiles\debug\moc_talkwindowshell.cpp
f:\userdata\documents\githubrepo\project_4_qttest\_project\qtqq\.\generatedfiles\debug\moc_talkwindowitem.cpp
f:\userdata\documents\githubrepo\project_4_qttest\_project\qtqq\.\generatedfiles\debug\moc_talkwindow.cpp
f:\userdata\documents\githubrepo\project_4_qttest\_project\qtqq\.\generatedfiles\debug\moc_systray.cpp
f:\userdata\documents\githubrepo\project_4_qttest\_project\qtqq\.\generatedfiles\debug\moc_skinwindow.cpp
f:\userdata\documents\githubrepo\project_4_qttest\_project\qtqq\.\generatedfiles\debug\moc_rootconcatitem.cpp
f:\userdata\documents\githubrepo\project_4_qttest\_project\qtqq\.\generatedfiles\debug\moc_qmsgtextedit.cpp
f:\userdata\documents\githubrepo\project_4_qttest\_project\qtqq\.\generatedfiles\debug\moc_qclicklabel.cpp
f:\userdata\documents\githubrepo\project_4_qttest\_project\qtqq\.\generatedfiles\debug\moc_notifymanager.cpp
f:\userdata\documents\githubrepo\project_4_qttest\_project\qtqq\.\generatedfiles\debug\moc_msgwebview.cpp
f:\userdata\documents\githubrepo\project_4_qttest\_project\qtqq\.\generatedfiles\debug\moc_emotionwindow.cpp
f:\userdata\documents\githubrepo\project_4_qttest\_project\qtqq\.\generatedfiles\debug\moc_emotionlabelitem.cpp
f:\userdata\documents\githubrepo\project_4_qttest\_project\qtqq\.\generatedfiles\debug\moc_custommenu.cpp
f:\userdata\documents\githubrepo\project_4_qttest\_project\qtqq\.\generatedfiles\debug\moc_contactitem.cpp
f:\userdata\documents\githubrepo\project_4_qttest\_project\qtqq\generatedfiles\ui_ccmainwindow.h
f:\userdata\documents\githubrepo\project_4_qttest\_project\qtqq\generatedfiles\ui_contactitem.h
f:\userdata\documents\githubrepo\project_4_qttest\_project\qtqq\generatedfiles\ui_emotionwindow.h
f:\userdata\documents\githubrepo\project_4_qttest\_project\qtqq\generatedfiles\ui_skinwindow.h
f:\userdata\documents\githubrepo\project_4_qttest\_project\qtqq\generatedfiles\ui_talkwindow.h
f:\userdata\documents\githubrepo\project_4_qttest\_project\qtqq\generatedfiles\ui_talkwindowitem.h
f:\userdata\documents\githubrepo\project_4_qttest\_project\qtqq\generatedfiles\ui_talkwindowshell.h
f:\userdata\documents\githubrepo\project_4_qttest\_project\qtqq\generatedfiles\ui_userlogin.h
f:\userdata\documents\githubrepo\project_4_qttest\_project\qtqq\generatedfiles\qrc_ccmainwindow.cpp
f:\userdata\documents\githubrepo\project_4_qttest\_project\qtqq\generatedfiles\debug\moc_ccmainwindow.cpp
f:\userdata\documents\githubrepo\project_4_qttest\_project\qtqq\generatedfiles\debug\moc_basicwindow.cpp
f:\userdata\documents\githubrepo\project_4_qttest\_project\qtqq\generatedfiles\debug\moc_windowmanager.cpp
f:\userdata\documents\githubrepo\project_4_qttest\_project\qtqq\generatedfiles\debug\moc_userlogin.cpp
f:\userdata\documents\githubrepo\project_4_qttest\_project\qtqq\generatedfiles\debug\moc_titlebar.cpp
f:\userdata\documents\githubrepo\project_4_qttest\_project\qtqq\generatedfiles\debug\moc_talkwindowshell.cpp
f:\userdata\documents\githubrepo\project_4_qttest\_project\qtqq\generatedfiles\debug\moc_talkwindowitem.cpp
f:\userdata\documents\githubrepo\project_4_qttest\_project\qtqq\generatedfiles\debug\moc_talkwindow.cpp
f:\userdata\documents\githubrepo\project_4_qttest\_project\qtqq\generatedfiles\debug\moc_systray.cpp
f:\userdata\documents\githubrepo\project_4_qttest\_project\qtqq\generatedfiles\debug\moc_skinwindow.cpp
f:\userdata\documents\githubrepo\project_4_qttest\_project\qtqq\generatedfiles\debug\moc_rootconcatitem.cpp
f:\userdata\documents\githubrepo\project_4_qttest\_project\qtqq\generatedfiles\debug\moc_qmsgtextedit.cpp
f:\userdata\documents\githubrepo\project_4_qttest\_project\qtqq\generatedfiles\debug\moc_qclicklabel.cpp
f:\userdata\documents\githubrepo\project_4_qttest\_project\qtqq\generatedfiles\debug\moc_notifymanager.cpp
f:\userdata\documents\githubrepo\project_4_qttest\_project\qtqq\generatedfiles\debug\moc_msgwebview.cpp
f:\userdata\documents\githubrepo\project_4_qttest\_project\qtqq\generatedfiles\debug\moc_emotionwindow.cpp
f:\userdata\documents\githubrepo\project_4_qttest\_project\qtqq\generatedfiles\debug\moc_emotionlabelitem.cpp
f:\userdata\documents\githubrepo\project_4_qttest\_project\qtqq\generatedfiles\debug\moc_custommenu.cpp
f:\userdata\documents\githubrepo\project_4_qttest\_project\qtqq\generatedfiles\debug\moc_contactitem.cpp
f:\userdata\documents\githubrepo\project_4_qttest\_project\qtqq\.\generatedfiles\qrc_ccmainwindow.cpp
f:\userdata\documents\githubrepo\project_4_qttest\_project\qtqq\.\generatedfiles\ui_ccmainwindow.h
f:\userdata\documents\githubrepo\project_4_qttest\_project\qtqq\.\generatedfiles\ui_contactitem.h
f:\userdata\documents\githubrepo\project_4_qttest\_project\qtqq\.\generatedfiles\ui_emotionwindow.h
f:\userdata\documents\githubrepo\project_4_qttest\_project\qtqq\.\generatedfiles\ui_skinwindow.h
f:\userdata\documents\githubrepo\project_4_qttest\_project\qtqq\.\generatedfiles\ui_talkwindow.h
f:\userdata\documents\githubrepo\project_4_qttest\_project\qtqq\.\generatedfiles\ui_talkwindowitem.h
f:\userdata\documents\githubrepo\project_4_qttest\_project\qtqq\.\generatedfiles\ui_talkwindowshell.h
f:\userdata\documents\githubrepo\project_4_qttest\_project\qtqq\.\generatedfiles\ui_userlogin.h
f:\userdata\documents\githubrepo\project_4_qttest\_project\qtqq\x64\debug\qtqq.pdb
f:\userdata\documents\githubrepo\project_4_qttest\_project\qtqq\x64\debug\qtqq.tlog\cl.10380.write.1.tlog
f:\userdata\documents\githubrepo\project_4_qttest\_project\qtqq\x64\debug\qtqq.tlog\cl.command.1.tlog
f:\userdata\documents\githubrepo\project_4_qttest\_project\qtqq\x64\debug\qtqq.tlog\cl.read.1.tlog
f:\userdata\documents\githubrepo\project_4_qttest\_project\qtqq\x64\debug\qtqq.tlog\link-cvtres.read.1.tlog
f:\userdata\documents\githubrepo\project_4_qttest\_project\qtqq\x64\debug\qtqq.tlog\link-cvtres.write.1.tlog
f:\userdata\documents\githubrepo\project_4_qttest\_project\qtqq\x64\debug\qtqq.tlog\link-rc.read.1.tlog
f:\userdata\documents\githubrepo\project_4_qttest\_project\qtqq\x64\debug\qtqq.tlog\link-rc.write.1.tlog
f:\userdata\documents\githubrepo\project_4_qttest\_project\qtqq\x64\debug\qtqq.tlog\link.command.1.tlog
f:\userdata\documents\githubrepo\project_4_qttest\_project\qtqq\x64\debug\qtqq.tlog\link.read.1.tlog
f:\userdata\documents\githubrepo\project_4_qttest\_project\qtqq\x64\debug\qtqq.tlog\link.write.1.tlog
f:\userdata\documents\githubrepo\project_4_qttest\_project\qtqq\x64\debug\qtqq.tlog\moc.read.1u.tlog
f:\userdata\documents\githubrepo\project_4_qttest\_project\qtqq\x64\debug\qtqq.tlog\moc.write.1u.tlog
f:\userdata\documents\githubrepo\project_4_qttest\_project\qtqq\x64\debug\qtqq.tlog\qtqq.write.1u.tlog
f:\userdata\documents\githubrepo\project_4_qttest\_project\qtqq\x64\debug\qtqq.tlog\rcc.read.1u.tlog
f:\userdata\documents\githubrepo\project_4_qttest\_project\qtqq\x64\debug\qtqq.tlog\rcc.write.1u.tlog
f:\userdata\documents\githubrepo\project_4_qttest\_project\qtqq\x64\debug\qtqq.tlog\uic.read.1u.tlog
f:\userdata\documents\githubrepo\project_4_qttest\_project\qtqq\x64\debug\qtqq.tlog\uic.write.1u.tlog
