f:\userdata\documents\githubrepo\project_4_qttest\_project\qtqq\qtqq\x64\debug\qmsgtextedit.obj
f:\userdata\documents\githubrepo\project_4_qttest\_project\qtqq\qtqq\x64\debug\qclicklabel.obj
f:\userdata\documents\githubrepo\project_4_qttest\_project\qtqq\qtqq\x64\debug\titlebar.obj
f:\userdata\documents\githubrepo\project_4_qttest\_project\qtqq\qtqq\x64\debug\notifymanager.obj
f:\userdata\documents\githubrepo\project_4_qttest\_project\qtqq\qtqq\x64\debug\systray.obj
f:\userdata\documents\githubrepo\project_4_qttest\_project\qtqq\qtqq\x64\debug\skinwindow.obj
f:\userdata\documents\githubrepo\project_4_qttest\_project\qtqq\qtqq\x64\debug\rootconcatitem.obj
f:\userdata\documents\githubrepo\project_4_qttest\_project\qtqq\qtqq\x64\debug\talkwindowitem.obj
f:\userdata\documents\githubrepo\project_4_qttest\_project\qtqq\qtqq\x64\debug\commonutils.obj
f:\userdata\documents\githubrepo\project_4_qttest\_project\qtqq\qtqq\x64\debug\emotionlabelitem.obj
f:\userdata\documents\githubrepo\project_4_qttest\_project\qtqq\qtqq\x64\debug\custommenu.obj
f:\userdata\documents\githubrepo\project_4_qttest\_project\qtqq\qtqq\x64\debug\main.obj
f:\userdata\documents\githubrepo\project_4_qttest\_project\qtqq\qtqq\x64\debug\contactitem.obj
f:\userdata\documents\githubrepo\project_4_qttest\_project\qtqq\qtqq\x64\debug\userlogin.obj
f:\userdata\documents\githubrepo\project_4_qttest\_project\qtqq\qtqq\x64\debug\basicwindow.obj
f:\userdata\documents\githubrepo\project_4_qttest\_project\qtqq\qtqq\x64\debug\emotionwindow.obj
f:\userdata\documents\githubrepo\project_4_qttest\_project\qtqq\qtqq\x64\debug\\moc\\moc_ccmainwindow.cpp
f:\userdata\documents\githubrepo\project_4_qttest\_project\qtqq\qtqq\x64\debug\\moc\\moc_titlebar.cpp
f:\userdata\documents\githubrepo\project_4_qttest\_project\qtqq\qtqq\x64\debug\\moc\\moc_basicwindow.cpp
f:\userdata\documents\githubrepo\project_4_qttest\_project\qtqq\qtqq\x64\debug\\moc\\moc_notifymanager.cpp
f:\userdata\documents\githubrepo\project_4_qttest\_project\qtqq\qtqq\x64\debug\\moc\\moc_qmsgtextedit.cpp
f:\userdata\documents\githubrepo\project_4_qttest\_project\qtqq\qtqq\x64\debug\\moc\\moc_windowmanager.cpp
f:\userdata\documents\githubrepo\project_4_qttest\_project\qtqq\qtqq\x64\debug\\moc\\moc_talkwindow.cpp
f:\userdata\documents\githubrepo\project_4_qttest\_project\qtqq\qtqq\x64\debug\\moc\\moc_talkwindowitem.cpp
f:\userdata\documents\githubrepo\project_4_qttest\_project\qtqq\qtqq\x64\debug\\moc\\moc_emotionlabelitem.cpp
f:\userdata\documents\githubrepo\project_4_qttest\_project\qtqq\qtqq\x64\debug\\moc\\moc_emotionwindow.cpp
f:\userdata\documents\githubrepo\project_4_qttest\_project\qtqq\qtqq\x64\debug\\moc\\moc_talkwindowshell.cpp
f:\userdata\documents\githubrepo\project_4_qttest\_project\qtqq\qtqq\x64\debug\\moc\\moc_contactitem.cpp
f:\userdata\documents\githubrepo\project_4_qttest\_project\qtqq\qtqq\x64\debug\\moc\\moc_rootconcatitem.cpp
f:\userdata\documents\githubrepo\project_4_qttest\_project\qtqq\qtqq\x64\debug\\moc\\moc_custommenu.cpp
f:\userdata\documents\githubrepo\project_4_qttest\_project\qtqq\qtqq\x64\debug\\moc\\moc_systray.cpp
f:\userdata\documents\githubrepo\project_4_qttest\_project\qtqq\qtqq\x64\debug\\moc\\moc_qclicklabel.cpp
f:\userdata\documents\githubrepo\project_4_qttest\_project\qtqq\qtqq\x64\debug\\moc\\moc_skinwindow.cpp
f:\userdata\documents\githubrepo\project_4_qttest\_project\qtqq\qtqq\x64\debug\\moc\\moc_userlogin.cpp
f:\userdata\documents\githubrepo\project_4_qttest\_project\qtqq\qtqq\x64\debug\uic\ui_ccmainwindow.h
f:\userdata\documents\githubrepo\project_4_qttest\_project\qtqq\qtqq\x64\debug\uic\ui_contactitem.h
f:\userdata\documents\githubrepo\project_4_qttest\_project\qtqq\qtqq\x64\debug\uic\ui_emotionwindow.h
f:\userdata\documents\githubrepo\project_4_qttest\_project\qtqq\qtqq\x64\debug\uic\ui_skinwindow.h
f:\userdata\documents\githubrepo\project_4_qttest\_project\qtqq\qtqq\x64\debug\uic\ui_talkwindow.h
f:\userdata\documents\githubrepo\project_4_qttest\_project\qtqq\qtqq\x64\debug\uic\ui_talkwindowitem.h
f:\userdata\documents\githubrepo\project_4_qttest\_project\qtqq\qtqq\x64\debug\uic\ui_talkwindowshell.h
f:\userdata\documents\githubrepo\project_4_qttest\_project\qtqq\qtqq\x64\debug\uic\ui_userlogin.h
f:\userdata\documents\githubrepo\project_4_qttest\_project\qtqq\qtqq\x64\debug\rcc\qrc_ccmainwindow.cpp
f:\userdata\documents\githubrepo\project_4_qttest\_project\qtqq\qtqq\x64\debug\moc\moc_ccmainwindow.cpp
f:\userdata\documents\githubrepo\project_4_qttest\_project\qtqq\qtqq\x64\debug\moc\moc_titlebar.cpp
f:\userdata\documents\githubrepo\project_4_qttest\_project\qtqq\qtqq\x64\debug\moc\moc_basicwindow.cpp
f:\userdata\documents\githubrepo\project_4_qttest\_project\qtqq\qtqq\x64\debug\moc\moc_notifymanager.cpp
f:\userdata\documents\githubrepo\project_4_qttest\_project\qtqq\qtqq\x64\debug\moc\moc_qmsgtextedit.cpp
f:\userdata\documents\githubrepo\project_4_qttest\_project\qtqq\qtqq\x64\debug\moc\moc_windowmanager.cpp
f:\userdata\documents\githubrepo\project_4_qttest\_project\qtqq\qtqq\x64\debug\moc\moc_talkwindow.cpp
f:\userdata\documents\githubrepo\project_4_qttest\_project\qtqq\qtqq\x64\debug\moc\moc_talkwindowitem.cpp
f:\userdata\documents\githubrepo\project_4_qttest\_project\qtqq\qtqq\x64\debug\moc\moc_emotionlabelitem.cpp
f:\userdata\documents\githubrepo\project_4_qttest\_project\qtqq\qtqq\x64\debug\moc\moc_emotionwindow.cpp
f:\userdata\documents\githubrepo\project_4_qttest\_project\qtqq\qtqq\x64\debug\moc\moc_talkwindowshell.cpp
f:\userdata\documents\githubrepo\project_4_qttest\_project\qtqq\qtqq\x64\debug\moc\moc_contactitem.cpp
f:\userdata\documents\githubrepo\project_4_qttest\_project\qtqq\qtqq\x64\debug\moc\moc_rootconcatitem.cpp
f:\userdata\documents\githubrepo\project_4_qttest\_project\qtqq\qtqq\x64\debug\moc\moc_custommenu.cpp
f:\userdata\documents\githubrepo\project_4_qttest\_project\qtqq\qtqq\x64\debug\moc\moc_systray.cpp
f:\userdata\documents\githubrepo\project_4_qttest\_project\qtqq\qtqq\x64\debug\moc\moc_qclicklabel.cpp
f:\userdata\documents\githubrepo\project_4_qttest\_project\qtqq\qtqq\x64\debug\moc\moc_skinwindow.cpp
f:\userdata\documents\githubrepo\project_4_qttest\_project\qtqq\qtqq\x64\debug\moc\moc_userlogin.cpp
f:\userdata\documents\githubrepo\project_4_qttest\_project\qtqq\qtqq\x64\debug\\rcc\\qrc_ccmainwindow.cpp
f:\userdata\documents\githubrepo\project_4_qttest\_project\qtqq\qtqq\x64\debug\\uic\\ui_ccmainwindow.h
f:\userdata\documents\githubrepo\project_4_qttest\_project\qtqq\qtqq\x64\debug\\uic\\ui_contactitem.h
f:\userdata\documents\githubrepo\project_4_qttest\_project\qtqq\qtqq\x64\debug\\uic\\ui_emotionwindow.h
f:\userdata\documents\githubrepo\project_4_qttest\_project\qtqq\qtqq\x64\debug\\uic\\ui_skinwindow.h
f:\userdata\documents\githubrepo\project_4_qttest\_project\qtqq\qtqq\x64\debug\\uic\\ui_talkwindow.h
f:\userdata\documents\githubrepo\project_4_qttest\_project\qtqq\qtqq\x64\debug\\uic\\ui_talkwindowitem.h
f:\userdata\documents\githubrepo\project_4_qttest\_project\qtqq\qtqq\x64\debug\\uic\\ui_talkwindowshell.h
f:\userdata\documents\githubrepo\project_4_qttest\_project\qtqq\qtqq\x64\debug\\uic\\ui_userlogin.h
f:\userdata\documents\githubrepo\project_4_qttest\_project\qtqq\qtqq\x64\debug\vc141.pdb
f:\userdata\documents\githubrepo\project_4_qttest\_project\qtqq\qtqq\x64\debug\qtqq.tlog\cl.20520.write.1.tlog
f:\userdata\documents\githubrepo\project_4_qttest\_project\qtqq\qtqq\x64\debug\qtqq.tlog\cl.command.1.tlog
f:\userdata\documents\githubrepo\project_4_qttest\_project\qtqq\qtqq\x64\debug\qtqq.tlog\cl.read.1.tlog
f:\userdata\documents\githubrepo\project_4_qttest\_project\qtqq\qtqq\x64\debug\qtqq.tlog\moc.read.1u.tlog
f:\userdata\documents\githubrepo\project_4_qttest\_project\qtqq\qtqq\x64\debug\qtqq.tlog\moc.write.1u.tlog
f:\userdata\documents\githubrepo\project_4_qttest\_project\qtqq\qtqq\x64\debug\qtqq.tlog\qtqq.write.1u.tlog
f:\userdata\documents\githubrepo\project_4_qttest\_project\qtqq\qtqq\x64\debug\qtqq.tlog\rcc.read.1u.tlog
f:\userdata\documents\githubrepo\project_4_qttest\_project\qtqq\qtqq\x64\debug\qtqq.tlog\rcc.write.1u.tlog
f:\userdata\documents\githubrepo\project_4_qttest\_project\qtqq\qtqq\x64\debug\qtqq.tlog\uic.read.1u.tlog
f:\userdata\documents\githubrepo\project_4_qttest\_project\qtqq\qtqq\x64\debug\qtqq.tlog\uic.write.1u.tlog
